Arguments: 
  C:\Program Files\nodejs\node.exe C:\Users\S tech\AppData\Roaming\npm\node_modules\yarn\bin\yarn.js add @react-navigation/native-stack

PATH: 
  C:\Python39\Scripts\;C:\Python39\;C:\Program Files (x86)\Common Files\Oracle\Java\javapath;C:\WINDOWS\system32;C:\WINDOWS;C:\WINDOWS\System32\Wbem;C:\WINDOWS\System32\WindowsPowerShell\v1.0\;C:\Program Files\Java\jdk1.8.0_251\bin;C:\Program Files\Java\jre1.8.0_251\bin;C:\WINDOWS\System32\OpenSSH\;C:\sqlite3;C:\Program Files\Git\cmd;C:\ProgramData\chocolatey\bin;C:\Program Files\nodejs\;C:\Program Files\MySQL\MySQL Shell 8.0\bin\;C:\Users\S tech\AppData\Local\Programs\Python\Python38\Scripts\;C:\Users\S tech\AppData\Local\Programs\Python\Python38\;C:\Users\S tech\AppData\Local\Microsoft\WindowsApps;;C:\Users\S tech\AppData\Local\Programs\Microsoft VS Code\bin;C:\Users\S tech\AppData\Roaming\npm

Yarn version: 
  1.22.11

Node version: 
  14.17.0

Platform: 
  win32 x64

Trace: 
  Error: https://registry.yarnpkg.com/ci-info/-/ci-info-2.0.0.tgz: Request failed "502 Bad Gateway"
      at ResponseError.ExtendableBuiltin (C:\Users\S tech\AppData\Roaming\npm\node_modules\yarn\lib\cli.js:696:66)
      at new ResponseError (C:\Users\S tech\AppData\Roaming\npm\node_modules\yarn\lib\cli.js:802:124)
      at Request.<anonymous> (C:\Users\S tech\AppData\Roaming\npm\node_modules\yarn\lib\cli.js:67062:16)
      at Request.emit (events.js:376:20)
      at Request.module.exports.Request.onRequestResponse (C:\Users\S tech\AppData\Roaming\npm\node_modules\yarn\lib\cli.js:141640:10)
      at ClientRequest.emit (events.js:376:20)
      at HTTPParser.parserOnIncomingClient (_http_client.js:647:27)
      at HTTPParser.parserOnHeadersComplete (_http_common.js:126:17)
      at HTTPParser.execute (<anonymous>)
      at TLSSocket.socketOnData (_http_client.js:515:22)

npm manifest: 
  {
    "main": "node_modules/expo/AppEntry.js",
    "scripts": {
      "start": "expo start",
      "android": "expo start --android",
      "ios": "expo start --ios",
      "web": "expo start --web",
      "eject": "expo eject"
    },
    "dependencies": {
      "@react-native-community/masked-view": "0.1.10",
      "@react-navigation/native": "^6.0.2",
      "@react-navigation/native-stack": "^6.1.0",
      "@reduxjs/toolkit": "^1.6.1",
      "expo": "^42.0.0",
      "expo-status-bar": "~1.0.4",
      "react": "17.0.2",
      "react-dom": "17.0.2",
      "react-native": "https://github.com/expo/react-native/archive/sdk-42.0.0.tar.gz",
      "react-native-elements": "^3.4.2",
      "react-native-gesture-handler": "~1.10.2",
      "react-native-reanimated": "~2.2.0",
      "react-native-safe-area-context": "3.2.0",
      "react-native-screens": "~3.4.0",
      "react-native-vector-icons": "^8.1.0",
      "react-native-web": "~0.13.12",
      "react-redux": "^7.2.4",
      "tailwind-react-native-classnames": "^1.4.2"
    },
    "devDependencies": {
      "@babel/core": "~7.9.0",
      "autoprefixer": "^9.8.6",
      "postcss": "^7.0.36",
      "tailwindcss": "npm:@tailwindcss/postcss7-compat@^2.2.7"
    },
    "private": true
  }

yarn manifest: 
  No manifest

Lockfile: 
  No lockfile
